{"C:\\Users\\ANDRES\\Desktop\\quinto semestre\\PRUEBAS DE SOFTWARE E IMPLEMENTACIÓN\\tienda\\database.js": {"path":"C:\\Users\\ANDRES\\Desktop\\quinto semestre\\PRUEBAS DE SOFTWARE E IMPLEMENTACIÓN\\tienda\\database.js","statementMap":{"0":{"start":{"line":1,"column":17},"end":{"line":1,"column":42}},"1":{"start":{"line":2,"column":11},"end":{"line":2,"column":38}},"2":{"start":{"line":4,"column":0},"end":{"line":47,"column":3}},"3":{"start":{"line":49,"column":0},"end":{"line":49,"column":20}}},"fnMap":{},"branchMap":{},"s":{"0":1,"1":1,"2":1,"3":1},"f":{},"b":{},"_coverageSchema":"1a1c01bbd47fc00a2c39e90264f33305004495a9","hash":"e3be2d747eab71f171319dbba449422e726f5133"}
,"C:\\Users\\ANDRES\\Desktop\\quinto semestre\\PRUEBAS DE SOFTWARE E IMPLEMENTACIÓN\\tienda\\controllers\\authController.js": {"path":"C:\\Users\\ANDRES\\Desktop\\quinto semestre\\PRUEBAS DE SOFTWARE E IMPLEMENTACIÓN\\tienda\\controllers\\authController.js","statementMap":{"0":{"start":{"line":1,"column":11},"end":{"line":1,"column":33}},"1":{"start":{"line":2,"column":15},"end":{"line":2,"column":32}},"2":{"start":{"line":4,"column":0},"end":{"line":21,"column":2}},"3":{"start":{"line":5,"column":35},"end":{"line":5,"column":43}},"4":{"start":{"line":7,"column":17},"end":{"line":12,"column":20}},"5":{"start":{"line":14,"column":4},"end":{"line":14,"column":56}},"6":{"start":{"line":14,"column":15},"end":{"line":14,"column":56}},"7":{"start":{"line":16,"column":18},"end":{"line":16,"column":61}},"8":{"start":{"line":17,"column":4},"end":{"line":17,"column":57}},"9":{"start":{"line":17,"column":16},"end":{"line":17,"column":57}},"10":{"start":{"line":19,"column":4},"end":{"line":19,"column":28}},"11":{"start":{"line":20,"column":4},"end":{"line":20,"column":31}},"12":{"start":{"line":23,"column":0},"end":{"line":26,"column":2}},"13":{"start":{"line":24,"column":4},"end":{"line":24,"column":26}},"14":{"start":{"line":25,"column":4},"end":{"line":25,"column":27}}},"fnMap":{"0":{"name":"(anonymous_0)","decl":{"start":{"line":4,"column":16},"end":{"line":4,"column":17}},"loc":{"start":{"line":4,"column":30},"end":{"line":21,"column":1}},"line":4},"1":{"name":"(anonymous_1)","decl":{"start":{"line":23,"column":17},"end":{"line":23,"column":18}},"loc":{"start":{"line":23,"column":31},"end":{"line":26,"column":1}},"line":23}},"branchMap":{"0":{"loc":{"start":{"line":14,"column":4},"end":{"line":14,"column":56}},"type":"if","locations":[{"start":{"line":14,"column":4},"end":{"line":14,"column":56}},{"start":{},"end":{}}],"line":14},"1":{"loc":{"start":{"line":17,"column":4},"end":{"line":17,"column":57}},"type":"if","locations":[{"start":{"line":17,"column":4},"end":{"line":17,"column":57}},{"start":{},"end":{}}],"line":17}},"s":{"0":1,"1":1,"2":1,"3":3,"4":3,"5":3,"6":1,"7":2,"8":2,"9":1,"10":1,"11":1,"12":1,"13":0,"14":0},"f":{"0":3,"1":0},"b":{"0":[1,2],"1":[1,1]},"_coverageSchema":"1a1c01bbd47fc00a2c39e90264f33305004495a9","hash":"01d35f8436f1ee93664a1e5f310a310fd819afdb"}
}
